# JRE version: Java(TM) SE Runtime Environment (8.0_91-b14) (build 1.8.0_91-b14)
# Java VM: Java HotSpot(TM) 64-Bit Server VM (25.91-b14 mixed mode bsd-amd64 compressed oops)
Heap:
 PSYoungGen      total 192000K, used 167172K [0x0000000795580000, 0x00000007a6980000, 0x00000007c0000000)
  eden space 178176K, 86% used [0x0000000795580000,0x000000079eb48a90,0x00000007a0380000)
  from space 13824K, 99% used [0x00000007a0380000,0x00000007a10f8800,0x00000007a1100000)
  to   space 16896K, 0% used [0x00000007a5900000,0x00000007a5900000,0x00000007a6980000)
 ParOldGen       total 77824K, used 25834K [0x0000000740000000, 0x0000000744c00000, 0x0000000795580000)
  object space 77824K, 33% used [0x0000000740000000,0x000000074193a838,0x0000000744c00000)
 Metaspace       used 50407K, capacity 50972K, committed 51328K, reserved 1093632K
  class space    used 6374K, capacity 6499K, committed 6528K, reserved 1048576K
GC Heap History (10 events):
Event: 9.205 GC heap before
{Heap before GC invocations=9 (full 1):
 PSYoungGen      total 74240K, used 66048K [0x0000000795580000, 0x000000079e680000, 0x00000007c0000000)
  eden space 66048K, 100% used [0x0000000795580000,0x0000000799600000,0x0000000799600000)
  from space 8192K, 0% used [0x0000000799600000,0x0000000799600000,0x0000000799e00000)
  to   space 8192K, 0% used [0x000000079de80000,0x000000079de80000,0x000000079e680000)
 ParOldGen       total 47616K, used 6952K [0x0000000740000000, 0x0000000742e80000, 0x0000000795580000)
  object space 47616K, 14% used [0x0000000740000000,0x00000007406ca330,0x0000000742e80000)
 Metaspace       used 23436K, capacity 23810K, committed 24064K, reserved 1071104K
  class space    used 2870K, capacity 2968K, committed 3072K, reserved 1048576K
Event: 9.216 GC heap after
Heap after GC invocations=9 (full 1):
 PSYoungGen      total 125952K, used 4136K [0x0000000795580000, 0x000000079e300000, 0x00000007c0000000)
  eden space 121344K, 0% used [0x0000000795580000,0x0000000795580000,0x000000079cc00000)
  from space 4608K, 89% used [0x000000079de80000,0x000000079e28a0a0,0x000000079e300000)
  to   space 8192K, 0% used [0x000000079d300000,0x000000079d300000,0x000000079db00000)
 ParOldGen       total 47616K, used 6960K [0x0000000740000000, 0x0000000742e80000, 0x0000000795580000)
  object space 47616K, 14% used [0x0000000740000000,0x00000007406cc330,0x0000000742e80000)
 Metaspace       used 23436K, capacity 23810K, committed 24064K, reserved 1071104K
  class space    used 2870K, capacity 2968K, committed 3072K, reserved 1048576K
}
Event: 11.210 GC heap before
{Heap before GC invocations=10 (full 1):
 PSYoungGen      total 125952K, used 125480K [0x0000000795580000, 0x000000079e300000, 0x00000007c0000000)
  eden space 121344K, 100% used [0x0000000795580000,0x000000079cc00000,0x000000079cc00000)
  from space 4608K, 89% used [0x000000079de80000,0x000000079e28a0a0,0x000000079e300000)
  to   space 8192K, 0% used [0x000000079d300000,0x000000079d300000,0x000000079db00000)
 ParOldGen       total 47616K, used 6960K [0x0000000740000000, 0x0000000742e80000, 0x0000000795580000)
  object space 47616K, 14% used [0x0000000740000000,0x00000007406cc330,0x0000000742e80000)
 Metaspace       used 28594K, capacity 28896K, committed 29312K, reserved 1075200K
  class space    used 3516K, capacity 3613K, committed 3712K, reserved 1048576K
Event: 11.242 GC heap after
Heap after GC invocations=10 (full 1):
 PSYoungGen      total 136704K, used 8166K [0x0000000795580000, 0x00000007a1b80000, 0x00000007c0000000)
  eden space 128512K, 0% used [0x0000000795580000,0x0000000795580000,0x000000079d300000)
  from space 8192K, 99% used [0x000000079d300000,0x000000079daf9a70,0x000000079db00000)
  to   space 10752K, 0% used [0x00000007a1100000,0x00000007a1100000,0x00000007a1b80000)
 ParOldGen       total 47616K, used 11546K [0x0000000740000000, 0x0000000742e80000, 0x0000000795580000)
  object space 47616K, 24% used [0x0000000740000000,0x0000000740b46bf0,0x0000000742e80000)
 Metaspace       used 28594K, capacity 28896K, committed 29312K, reserved 1075200K
  class space    used 3516K, capacity 3613K, committed 3712K, reserved 1048576K
}
Event: 13.213 GC heap before
{Heap before GC invocations=11 (full 1):
 PSYoungGen      total 136704K, used 107630K [0x0000000795580000, 0x00000007a1b80000, 0x00000007c0000000)
  eden space 128512K, 77% used [0x0000000795580000,0x000000079b6a1fb0,0x000000079d300000)
  from space 8192K, 99% used [0x000000079d300000,0x000000079daf9a70,0x000000079db00000)
  to   space 10752K, 0% used [0x00000007a1100000,0x00000007a1100000,0x00000007a1b80000)
 ParOldGen       total 47616K, used 11546K [0x0000000740000000, 0x0000000742e80000, 0x0000000795580000)
  object space 47616K, 24% used [0x0000000740000000,0x0000000740b46bf0,0x0000000742e80000)
 Metaspace       used 34922K, capacity 35280K, committed 35456K, reserved 1081344K
  class space    used 4355K, capacity 4453K, committed 4480K, reserved 1048576K
Event: 13.248 GC heap after
Heap after GC invocations=11 (full 1):
 PSYoungGen      total 188928K, used 10741K [0x0000000795580000, 0x00000007a2a80000, 0x00000007c0000000)
  eden space 178176K, 0% used [0x0000000795580000,0x0000000795580000,0x00000007a0380000)
  from space 10752K, 99% used [0x00000007a1100000,0x00000007a1b7d430,0x00000007a1b80000)
  to   space 13824K, 0% used [0x00000007a0380000,0x00000007a0380000,0x00000007a1100000)
 ParOldGen       total 47616K, used 16453K [0x0000000740000000, 0x0000000742e80000, 0x0000000795580000)
  object space 47616K, 34% used [0x0000000740000000,0x0000000741011518,0x0000000742e80000)
 Metaspace       used 34922K, capacity 35280K, committed 35456K, reserved 1081344K
  class space    used 4355K, capacity 4453K, committed 4480K, reserved 1048576K
}
Event: 13.248 GC heap before
{Heap before GC invocations=12 (full 2):
 PSYoungGen      total 188928K, used 10741K [0x0000000795580000, 0x00000007a2a80000, 0x00000007c0000000)
  eden space 178176K, 0% used [0x0000000795580000,0x0000000795580000,0x00000007a0380000)
  from space 10752K, 99% used [0x00000007a1100000,0x00000007a1b7d430,0x00000007a1b80000)
  to   space 13824K, 0% used [0x00000007a0380000,0x00000007a0380000,0x00000007a1100000)
 ParOldGen       total 47616K, used 16453K [0x0000000740000000, 0x0000000742e80000, 0x0000000795580000)
  object space 47616K, 34% used [0x0000000740000000,0x0000000741011518,0x0000000742e80000)
 Metaspace       used 34922K, capacity 35280K, committed 35456K, reserved 1081344K
  class space    used 4355K, capacity 4453K, committed 4480K, reserved 1048576K
Event: 13.337 GC heap after
Heap after GC invocations=12 (full 2):
 PSYoungGen      total 188928K, used 0K [0x0000000795580000, 0x00000007a2a80000, 0x00000007c0000000)
  eden space 178176K, 0% used [0x0000000795580000,0x0000000795580000,0x00000007a0380000)
  from space 10752K, 0% used [0x00000007a1100000,0x00000007a1100000,0x00000007a1b80000)
  to   space 13824K, 0% used [0x00000007a0380000,0x00000007a0380000,0x00000007a1100000)
 ParOldGen       total 77824K, used 23096K [0x0000000740000000, 0x0000000744c00000, 0x0000000795580000)
  object space 77824K, 29% used [0x0000000740000000,0x000000074168e0e0,0x0000000744c00000)
 Metaspace       used 34922K, capacity 35280K, committed 35456K, reserved 1081344K
  class space    used 4355K, capacity 4453K, committed 4480K, reserved 1048576K
}
Event: 16.925 GC heap before
{Heap before GC invocations=13 (full 2):
 PSYoungGen      total 188928K, used 178176K [0x0000000795580000, 0x00000007a2a80000, 0x00000007c0000000)
  eden space 178176K, 100% used [0x0000000795580000,0x00000007a0380000,0x00000007a0380000)
  from space 10752K, 0% used [0x00000007a1100000,0x00000007a1100000,0x00000007a1b80000)
  to   space 13824K, 0% used [0x00000007a0380000,0x00000007a0380000,0x00000007a1100000)
 ParOldGen       total 77824K, used 23096K [0x0000000740000000, 0x0000000744c00000, 0x0000000795580000)
  object space 77824K, 29% used [0x0000000740000000,0x000000074168e0e0,0x0000000744c00000)
 Metaspace       used 45997K, capacity 46500K, committed 46976K, reserved 1089536K
  class space    used 5810K, capacity 5923K, committed 6016K, reserved 1048576K
Event: 16.961 GC heap after
Heap after GC invocations=13 (full 2):
 PSYoungGen      total 192000K, used 13794K [0x0000000795580000, 0x00000007a6980000, 0x00000007c0000000)
  eden space 178176K, 0% used [0x0000000795580000,0x0000000795580000,0x00000007a0380000)
  from space 13824K, 99% used [0x00000007a0380000,0x00000007a10f8800,0x00000007a1100000)
  to   space 16896K, 0% used [0x00000007a5900000,0x00000007a5900000,0x00000007a6980000)
 ParOldGen       total 77824K, used 25834K [0x0000000740000000, 0x0000000744c00000, 0x0000000795580000)
  object space 77824K, 33% used [0x0000000740000000,0x000000074193a838,0x0000000744c00000)
 Metaspace       used 45997K, capacity 46500K, committed 46976K, reserved 1089536K
  class space    used 5810K, capacity 5923K, committed 6016K, reserved 1048576K
}

